<?xml version="1.0" encoding="UTF-8"?>
<testsuite name="com.example.caching.CachingApplicationTests" tests="1" skipped="0" failures="0" errors="0" timestamp="2025-01-31T15:54:25" hostname="TEO" time="0.663">
  <properties/>
  <testcase name="contextLoads()" classname="com.example.caching.CachingApplicationTests" time="0.663"/>
  <system-out><![CDATA[19:54:18.572 [Test worker] INFO org.springframework.test.context.support.AnnotationConfigContextLoaderUtils -- Could not detect default configuration classes for test class [com.example.caching.CachingApplicationTests]: CachingApplicationTests does not declare any static, non-private, non-final, nested classes annotated with @Configuration.
19:54:18.697 [Test worker] INFO org.springframework.boot.test.context.SpringBootTestContextBootstrapper -- Found @SpringBootConfiguration com.example.caching.CachingApplication for test class com.example.caching.CachingApplicationTests

  .   ____          _            __ _ _
 /\\ / ___'_ __ _ _(_)_ __  __ _ \ \ \ \
( ( )\___ | '_ | '_| | '_ \/ _` | \ \ \ \
 \\/  ___)| |_)| | | | | || (_| |  ) ) ) )
  '  |____| .__|_| |_|_| |_\__, | / / / /
 =========|_|==============|___/=/_/_/_/

 :: Spring Boot ::                (v3.4.2)

2025-01-31T19:54:19.090+04:00  INFO 9120 --- [caching] [    Test worker] c.e.caching.CachingApplicationTests      : Starting CachingApplicationTests using Java 23.0.2 with PID 9120 (started by teo in C:\Users\teo\IdeaProjects\caching)
2025-01-31T19:54:19.090+04:00  INFO 9120 --- [caching] [    Test worker] c.e.caching.CachingApplicationTests      : No active profile set, falling back to 1 default profile: "default"
2025-01-31T19:54:19.664+04:00  INFO 9120 --- [caching] [    Test worker] c.e.caching.CachingApplicationTests      : Started CachingApplicationTests in 0.794 seconds (process running for 1.932)
2025-01-31T19:54:19.664+04:00  INFO 9120 --- [caching] [    Test worker] com.example.caching.AppRunner            : .... Fetching books
2025-01-31T19:54:22.677+04:00  INFO 9120 --- [caching] [    Test worker] com.example.caching.AppRunner            : isbn-1234 -->Book{isbn='isbn-1234', title='Some Book'}
2025-01-31T19:54:25.687+04:00  INFO 9120 --- [caching] [    Test worker] com.example.caching.AppRunner            : isbn-4567 -->Book{isbn='isbn-4567', title='Some Book'}
2025-01-31T19:54:25.687+04:00  INFO 9120 --- [caching] [    Test worker] com.example.caching.AppRunner            : isbn-1234 -->Book{isbn='isbn-1234', title='Some Book'}
2025-01-31T19:54:25.687+04:00  INFO 9120 --- [caching] [    Test worker] com.example.caching.AppRunner            : isbn-4567 -->Book{isbn='isbn-4567', title='Some Book'}
2025-01-31T19:54:25.687+04:00  INFO 9120 --- [caching] [    Test worker] com.example.caching.AppRunner            : isbn-1234 -->Book{isbn='isbn-1234', title='Some Book'}
2025-01-31T19:54:25.687+04:00  INFO 9120 --- [caching] [    Test worker] com.example.caching.AppRunner            : isbn-1234 -->Book{isbn='isbn-1234', title='Some Book'}
]]></system-out>
  <system-err><![CDATA[Mockito is currently self-attaching to enable the inline-mock-maker. This will no longer work in future releases of the JDK. Please add Mockito as an agent to your build what is described in Mockito's documentation: https://javadoc.io/doc/org.mockito/mockito-core/latest/org/mockito/Mockito.html#0.3
WARNING: A Java agent has been loaded dynamically (C:\Users\teo\.gradle\caches\modules-2\files-2.1\net.bytebuddy\byte-buddy-agent\1.15.11\a38b16385e867f59a641330f0362ebe742788ed8\byte-buddy-agent-1.15.11.jar)
WARNING: If a serviceability tool is in use, please run with -XX:+EnableDynamicAgentLoading to hide this warning
WARNING: If a serviceability tool is not in use, please run with -Djdk.instrument.traceUsage for more information
WARNING: Dynamic loading of agents will be disallowed by default in a future release
]]></system-err>
</testsuite>
