<?xml version="1.0" encoding="UTF-8"?>
<testsuite name="com.example.springbootdocker.SpringBootDockerApplicationTests" tests="1" skipped="0" failures="0" errors="0" timestamp="2025-02-01T05:50:05" hostname="TEO" time="0.695">
  <properties/>
  <testcase name="contextLoads()" classname="com.example.springbootdocker.SpringBootDockerApplicationTests" time="0.695"/>
  <system-out><![CDATA[09:50:04.030 [Test worker] INFO org.springframework.test.context.support.AnnotationConfigContextLoaderUtils -- Could not detect default configuration classes for test class [com.example.springbootdocker.SpringBootDockerApplicationTests]: SpringBootDockerApplicationTests does not declare any static, non-private, non-final, nested classes annotated with @Configuration.
09:50:04.157 [Test worker] INFO org.springframework.boot.test.context.SpringBootTestContextBootstrapper -- Found @SpringBootConfiguration com.example.springbootdocker.SpringBootDockerApplication for test class com.example.springbootdocker.SpringBootDockerApplicationTests

  .   ____          _            __ _ _
 /\\ / ___'_ __ _ _(_)_ __  __ _ \ \ \ \
( ( )\___ | '_ | '_| | '_ \/ _` | \ \ \ \
 \\/  ___)| |_)| | | | | || (_| |  ) ) ) )
  '  |____| .__|_| |_|_| |_\__, | / / / /
 =========|_|==============|___/=/_/_/_/

 :: Spring Boot ::                (v3.4.2)

2025-02-01T09:50:04.597+04:00  INFO 20256 --- [spring-boot-docker] [    Test worker] c.e.s.SpringBootDockerApplicationTests   : Starting SpringBootDockerApplicationTests using Java 23.0.2 with PID 20256 (started by teo in C:\Users\teo\IdeaProjects\spring-boot-docker)
2025-02-01T09:50:04.599+04:00  INFO 20256 --- [spring-boot-docker] [    Test worker] c.e.s.SpringBootDockerApplicationTests   : No active profile set, falling back to 1 default profile: "default"
2025-02-01T09:50:05.737+04:00  INFO 20256 --- [spring-boot-docker] [    Test worker] c.e.s.SpringBootDockerApplicationTests   : Started SpringBootDockerApplicationTests in 1.395 seconds (process running for 3.098)
]]></system-out>
  <system-err><![CDATA[Mockito is currently self-attaching to enable the inline-mock-maker. This will no longer work in future releases of the JDK. Please add Mockito as an agent to your build what is described in Mockito's documentation: https://javadoc.io/doc/org.mockito/mockito-core/latest/org/mockito/Mockito.html#0.3
WARNING: A Java agent has been loaded dynamically (C:\Users\teo\.gradle\caches\modules-2\files-2.1\net.bytebuddy\byte-buddy-agent\1.15.11\a38b16385e867f59a641330f0362ebe742788ed8\byte-buddy-agent-1.15.11.jar)
WARNING: If a serviceability tool is in use, please run with -XX:+EnableDynamicAgentLoading to hide this warning
WARNING: If a serviceability tool is not in use, please run with -Djdk.instrument.traceUsage for more information
WARNING: Dynamic loading of agents will be disallowed by default in a future release
]]></system-err>
</testsuite>
