<?xml version="1.0" encoding="UTF-8"?>
<testsuite name="com.example.servingwebcontent.ServingWebContentApplicationTests" tests="1" skipped="0" failures="0" errors="0" timestamp="2025-01-31T12:49:29" hostname="TEO" time="0.733">
  <properties/>
  <testcase name="contextLoads()" classname="com.example.servingwebcontent.ServingWebContentApplicationTests" time="0.733"/>
  <system-out><![CDATA[16:49:27.471 [Test worker] INFO org.springframework.test.context.support.AnnotationConfigContextLoaderUtils -- Could not detect default configuration classes for test class [com.example.servingwebcontent.ServingWebContentApplicationTests]: ServingWebContentApplicationTests does not declare any static, non-private, non-final, nested classes annotated with @Configuration.
16:49:27.620 [Test worker] INFO org.springframework.boot.test.context.SpringBootTestContextBootstrapper -- Found @SpringBootConfiguration com.example.servingwebcontent.ServingWebContentApplication for test class com.example.servingwebcontent.ServingWebContentApplicationTests

  .   ____          _            __ _ _
 /\\ / ___'_ __ _ _(_)_ __  __ _ \ \ \ \
( ( )\___ | '_ | '_| | '_ \/ _` | \ \ \ \
 \\/  ___)| |_)| | | | | || (_| |  ) ) ) )
  '  |____| .__|_| |_|_| |_\__, | / / / /
 =========|_|==============|___/=/_/_/_/

 :: Spring Boot ::                (v3.4.2)

2025-01-31T16:49:28.036+04:00  INFO 11132 --- [serving-web-content] [    Test worker] c.e.s.ServingWebContentApplicationTests  : Starting ServingWebContentApplicationTests using Java 23.0.2 with PID 11132 (started by teo in C:\Users\teo\IdeaProjects\serving-web-content)
2025-01-31T16:49:28.038+04:00  INFO 11132 --- [serving-web-content] [    Test worker] c.e.s.ServingWebContentApplicationTests  : No active profile set, falling back to 1 default profile: "default"
2025-01-31T16:49:28.864+04:00  INFO 11132 --- [serving-web-content] [    Test worker] o.s.b.a.w.s.WelcomePageHandlerMapping    : Adding welcome page template: index
2025-01-31T16:49:29.165+04:00  INFO 11132 --- [serving-web-content] [    Test worker] c.e.s.ServingWebContentApplicationTests  : Started ServingWebContentApplicationTests in 1.361 seconds (process running for 2.765)
]]></system-out>
  <system-err><![CDATA[Mockito is currently self-attaching to enable the inline-mock-maker. This will no longer work in future releases of the JDK. Please add Mockito as an agent to your build what is described in Mockito's documentation: https://javadoc.io/doc/org.mockito/mockito-core/latest/org/mockito/Mockito.html#0.3
WARNING: A Java agent has been loaded dynamically (C:\Users\teo\.gradle\caches\modules-2\files-2.1\net.bytebuddy\byte-buddy-agent\1.15.11\a38b16385e867f59a641330f0362ebe742788ed8\byte-buddy-agent-1.15.11.jar)
WARNING: If a serviceability tool is in use, please run with -XX:+EnableDynamicAgentLoading to hide this warning
WARNING: If a serviceability tool is not in use, please run with -Djdk.instrument.traceUsage for more information
WARNING: Dynamic loading of agents will be disallowed by default in a future release
]]></system-err>
</testsuite>
