<?xml version="1.0" encoding="UTF-8"?>
<testsuite name="com.example.testingrestdocs.WebLayerTest" tests="1" skipped="0" failures="0" errors="0" timestamp="2025-01-31T14:44:38" hostname="TEO" time="0.143">
  <properties/>
  <testcase name="shouldReturnDefaultMessage()" classname="com.example.testingrestdocs.WebLayerTest" time="0.143"/>
  <system-out><![CDATA[2025-01-31T18:44:38.334+04:00  INFO 6864 --- [testing-restdocs] [    Test worker] t.c.s.AnnotationConfigContextLoaderUtils : Could not detect default configuration classes for test class [com.example.testingrestdocs.WebLayerTest]: WebLayerTest does not declare any static, non-private, non-final, nested classes annotated with @Configuration.
2025-01-31T18:44:38.345+04:00  INFO 6864 --- [testing-restdocs] [    Test worker] .b.t.c.SpringBootTestContextBootstrapper : Found @SpringBootConfiguration com.example.testingrestdocs.TestingRestdocsApplication for test class com.example.testingrestdocs.WebLayerTest
  .   ____          _            __ _ _
 /\\ / ___'_ __ _ _(_)_ __  __ _ \ \ \ \
( ( )\___ | '_ | '_| | '_ \/ _` | \ \ \ \
 \\/  ___)| |_)| | | | | || (_| |  ) ) ) )
  '  |____| .__|_| |_|_| |_\__, | / / / /
 =========|_|==============|___/=/_/_/_/

 :: Spring Boot ::                (v3.3.0)

2025-01-31T18:44:38.372+04:00  INFO 6864 --- [testing-restdocs] [    Test worker] c.example.testingrestdocs.WebLayerTest   : Starting WebLayerTest using Java 23.0.2 with PID 6864 (started by teo in C:\Users\teo\IdeaProjects\testing-restdocs)
2025-01-31T18:44:38.373+04:00  INFO 6864 --- [testing-restdocs] [    Test worker] c.example.testingrestdocs.WebLayerTest   : No active profile set, falling back to 1 default profile: "default"
2025-01-31T18:44:38.602+04:00  INFO 6864 --- [testing-restdocs] [    Test worker] o.s.b.t.m.w.SpringBootMockServletContext : Initializing Spring TestDispatcherServlet ''
2025-01-31T18:44:38.602+04:00  INFO 6864 --- [testing-restdocs] [    Test worker] o.s.t.web.servlet.TestDispatcherServlet  : Initializing Servlet ''
2025-01-31T18:44:38.605+04:00  INFO 6864 --- [testing-restdocs] [    Test worker] o.s.t.web.servlet.TestDispatcherServlet  : Completed initialization in 1 ms
2025-01-31T18:44:38.615+04:00  INFO 6864 --- [testing-restdocs] [    Test worker] c.example.testingrestdocs.WebLayerTest   : Started WebLayerTest in 0.266 seconds (process running for 3.387)

MockHttpServletRequest:
      HTTP Method = GET
      Request URI = /
       Parameters = {}
          Headers = []
             Body = null
    Session Attrs = {}

Handler:
             Type = com.example.testingrestdocs.HomeController
           Method = com.example.testingrestdocs.HomeController#greeting()

Async:
    Async started = false
     Async result = null

Resolved Exception:
             Type = null

ModelAndView:
        View name = null
             View = null
            Model = null

FlashMap:
       Attributes = null

MockHttpServletResponse:
           Status = 200
    Error message = null
          Headers = [Content-Type:"application/json"]
     Content type = application/json
             Body = {"message":"Hello, World"}
    Forwarded URL = null
   Redirected URL = null
          Cookies = []
]]></system-out>
  <system-err><![CDATA[]]></system-err>
</testsuite>
