<?xml version="1.0" encoding="UTF-8"?>
<testsuite name="com.example.testingrestdocs.TestingRestdocsApplicationTests" tests="1" skipped="0" failures="0" errors="0" timestamp="2025-01-31T14:44:37" hostname="TEO" time="0.715">
  <properties/>
  <testcase name="contextLoads()" classname="com.example.testingrestdocs.TestingRestdocsApplicationTests" time="0.715"/>
  <system-out><![CDATA[18:44:36.070 [Test worker] INFO org.springframework.test.context.support.AnnotationConfigContextLoaderUtils -- Could not detect default configuration classes for test class [com.example.testingrestdocs.TestingRestdocsApplicationTests]: TestingRestdocsApplicationTests does not declare any static, non-private, non-final, nested classes annotated with @Configuration.
18:44:36.179 [Test worker] INFO org.springframework.boot.test.context.SpringBootTestContextBootstrapper -- Found @SpringBootConfiguration com.example.testingrestdocs.TestingRestdocsApplication for test class com.example.testingrestdocs.TestingRestdocsApplicationTests
  .   ____          _            __ _ _
 /\\ / ___'_ __ _ _(_)_ __  __ _ \ \ \ \
( ( )\___ | '_ | '_| | '_ \/ _` | \ \ \ \
 \\/  ___)| |_)| | | | | || (_| |  ) ) ) )
  '  |____| .__|_| |_|_| |_\__, | / / / /
 =========|_|==============|___/=/_/_/_/

 :: Spring Boot ::                (v3.3.0)

2025-01-31T18:44:36.569+04:00  INFO 6864 --- [testing-restdocs] [    Test worker] c.e.t.TestingRestdocsApplicationTests    : Starting TestingRestdocsApplicationTests using Java 23.0.2 with PID 6864 (started by teo in C:\Users\teo\IdeaProjects\testing-restdocs)
2025-01-31T18:44:36.570+04:00  INFO 6864 --- [testing-restdocs] [    Test worker] c.e.t.TestingRestdocsApplicationTests    : No active profile set, falling back to 1 default profile: "default"
2025-01-31T18:44:37.595+04:00  INFO 6864 --- [testing-restdocs] [    Test worker] c.e.t.TestingRestdocsApplicationTests    : Started TestingRestdocsApplicationTests in 1.248 seconds (process running for 2.366)
]]></system-out>
  <system-err><![CDATA[WARNING: A Java agent has been loaded dynamically (C:\Users\teo\.gradle\caches\modules-2\files-2.1\net.bytebuddy\byte-buddy-agent\1.14.16\4a451ee6484abac3a498df0f3b33ed00a6fced4d\byte-buddy-agent-1.14.16.jar)
WARNING: If a serviceability tool is in use, please run with -XX:+EnableDynamicAgentLoading to hide this warning
WARNING: If a serviceability tool is not in use, please run with -Djdk.instrument.traceUsage for more information
WARNING: Dynamic loading of agents will be disallowed by default in a future release
]]></system-err>
</testsuite>
