<?xml version="1.0" encoding="UTF-8"?>
<testsuite name="com.example.restservice.RestServiceApplicationTests" tests="1" skipped="0" failures="0" errors="0" timestamp="2025-01-31T14:03:35" hostname="TEO" time="0.69">
  <properties/>
  <testcase name="contextLoads()" classname="com.example.restservice.RestServiceApplicationTests" time="0.69"/>
  <system-out><![CDATA[18:03:33.899 [Test worker] INFO org.springframework.test.context.support.AnnotationConfigContextLoaderUtils -- Could not detect default configuration classes for test class [com.example.restservice.RestServiceApplicationTests]: RestServiceApplicationTests does not declare any static, non-private, non-final, nested classes annotated with @Configuration.
18:03:34.048 [Test worker] INFO org.springframework.boot.test.context.SpringBootTestContextBootstrapper -- Found @SpringBootConfiguration com.example.restservice.RestServiceApplication for test class com.example.restservice.RestServiceApplicationTests

  .   ____          _            __ _ _
 /\\ / ___'_ __ _ _(_)_ __  __ _ \ \ \ \
( ( )\___ | '_ | '_| | '_ \/ _` | \ \ \ \
 \\/  ___)| |_)| | | | | || (_| |  ) ) ) )
  '  |____| .__|_| |_|_| |_\__, | / / / /
 =========|_|==============|___/=/_/_/_/

 :: Spring Boot ::                (v3.4.2)

2025-01-31T18:03:34.467+04:00  INFO 17252 --- [rest-service] [    Test worker] c.e.r.RestServiceApplicationTests        : Starting RestServiceApplicationTests using Java 23.0.2 with PID 17252 (started by teo in C:\Users\teo\IdeaProjects\rest-service)
2025-01-31T18:03:34.469+04:00  INFO 17252 --- [rest-service] [    Test worker] c.e.r.RestServiceApplicationTests        : No active profile set, falling back to 1 default profile: "default"
2025-01-31T18:03:35.591+04:00  INFO 17252 --- [rest-service] [    Test worker] c.e.r.RestServiceApplicationTests        : Started RestServiceApplicationTests in 1.371 seconds (process running for 2.596)
]]></system-out>
  <system-err><![CDATA[Mockito is currently self-attaching to enable the inline-mock-maker. This will no longer work in future releases of the JDK. Please add Mockito as an agent to your build what is described in Mockito's documentation: https://javadoc.io/doc/org.mockito/mockito-core/latest/org/mockito/Mockito.html#0.3
WARNING: A Java agent has been loaded dynamically (C:\Users\teo\.gradle\caches\modules-2\files-2.1\net.bytebuddy\byte-buddy-agent\1.15.11\a38b16385e867f59a641330f0362ebe742788ed8\byte-buddy-agent-1.15.11.jar)
WARNING: If a serviceability tool is in use, please run with -XX:+EnableDynamicAgentLoading to hide this warning
WARNING: If a serviceability tool is not in use, please run with -Djdk.instrument.traceUsage for more information
WARNING: Dynamic loading of agents will be disallowed by default in a future release
]]></system-err>
</testsuite>
